2016-06-17 00:07:25,805 [INFO] from play.core.server.NettyServer in pool-4-thread-4 - Listening for HTTP on /0:0:0:0:0:0:0:0:9000
2016-06-17 00:11:07,010 [INFO] from application in ForkJoinPool-1-worker-1 - Creating Pool for datasource 'default'
2016-06-17 00:11:11,597 [INFO] from play.api.db.DefaultDBApi in ForkJoinPool-1-worker-1 - Database [default] connected at jdbc:mysql://db.cheek.us/team18
2016-06-17 00:11:34,995 [INFO] from application in ForkJoinPool-1-worker-1 - ApplicationTimer demo: Starting application at 2016-06-17T04:11:34.845Z
2016-06-17 00:11:38,590 [INFO] from play.api.Play in ForkJoinPool-1-worker-1 - Application started (Dev)
2016-06-17 00:46:02,061 [INFO] from application in application-akka.actor.default-dispatcher-25 - ApplicationTimer demo: Stopping application at 2016-06-17T04:46:02.060Z after 2068s.
2016-06-17 00:46:02,174 [INFO] from application in application-akka.actor.default-dispatcher-25 - Shutting down connection pool.
2016-06-17 00:46:03,007 [INFO] from application in application-akka.actor.default-dispatcher-25 - Creating Pool for datasource 'default'
2016-06-17 00:46:03,399 [INFO] from play.api.db.DefaultDBApi in application-akka.actor.default-dispatcher-25 - Database [default] connected at jdbc:mysql://db.cheek.us/team18
2016-06-17 00:46:04,639 [INFO] from application in application-akka.actor.default-dispatcher-25 - ApplicationTimer demo: Starting application at 2016-06-17T04:46:04.639Z
2016-06-17 00:46:04,873 [INFO] from play.api.Play in application-akka.actor.default-dispatcher-25 - Application started (Dev)
2016-06-17 00:46:06,969 [WARN] from play.core.server.netty.NettyModelConversion in application-akka.actor.default-dispatcher-5 - Content-Type set both in header (image/png) and attached to entity (image/png), ignoring content type from entity. To remove this warning, use Result.as(...) to set the content type, rather than setting the header manually.
2016-06-17 00:48:15,753 [INFO] from application in application-akka.actor.default-dispatcher-8 - ApplicationTimer demo: Stopping application at 2016-06-17T04:48:15.753Z after 131s.
2016-06-17 00:48:15,771 [INFO] from application in application-akka.actor.default-dispatcher-8 - Shutting down connection pool.
2016-06-17 00:48:16,330 [INFO] from application in application-akka.actor.default-dispatcher-8 - Creating Pool for datasource 'default'
2016-06-17 00:48:16,823 [INFO] from play.api.db.DefaultDBApi in application-akka.actor.default-dispatcher-8 - Database [default] connected at jdbc:mysql://db.cheek.us/team18
2016-06-17 00:48:18,290 [INFO] from application in application-akka.actor.default-dispatcher-8 - ApplicationTimer demo: Starting application at 2016-06-17T04:48:18.290Z
2016-06-17 00:48:18,589 [INFO] from play.api.Play in application-akka.actor.default-dispatcher-8 - Application started (Dev)
2016-06-17 00:48:19,541 [WARN] from play.core.server.netty.NettyModelConversion in application-akka.actor.default-dispatcher-2 - Content-Type set both in header (image/png) and attached to entity (image/png), ignoring content type from entity. To remove this warning, use Result.as(...) to set the content type, rather than setting the header manually.
2016-06-17 01:32:53,051 [INFO] from application in application-akka.actor.default-dispatcher-4 - ApplicationTimer demo: Stopping application at 2016-06-17T05:32:53.051Z after 2675s.
2016-06-17 01:32:53,052 [INFO] from application in application-akka.actor.default-dispatcher-4 - Shutting down connection pool.
2016-06-17 01:32:53,552 [INFO] from application in application-akka.actor.default-dispatcher-4 - Creating Pool for datasource 'default'
2016-06-17 01:32:53,912 [INFO] from play.api.db.DefaultDBApi in application-akka.actor.default-dispatcher-4 - Database [default] connected at jdbc:mysql://db.cheek.us/team18
2016-06-17 01:32:54,396 [INFO] from application in application-akka.actor.default-dispatcher-4 - ApplicationTimer demo: Starting application at 2016-06-17T05:32:54.395Z
2016-06-17 01:32:54,771 [INFO] from play.api.Play in application-akka.actor.default-dispatcher-4 - Application started (Dev)
2016-06-17 01:32:56,041 [WARN] from play.core.server.netty.NettyModelConversion in application-akka.actor.default-dispatcher-6 - Content-Type set both in header (image/png) and attached to entity (image/png), ignoring content type from entity. To remove this warning, use Result.as(...) to set the content type, rather than setting the header manually.
2016-06-17 01:33:43,536 [INFO] from application in application-akka.actor.default-dispatcher-7 - ApplicationTimer demo: Stopping application at 2016-06-17T05:33:43.536Z after 49s.
2016-06-17 01:33:43,537 [INFO] from application in application-akka.actor.default-dispatcher-7 - Shutting down connection pool.
2016-06-17 01:33:43,769 [INFO] from application in application-akka.actor.default-dispatcher-7 - Creating Pool for datasource 'default'
2016-06-17 01:33:44,213 [INFO] from play.api.db.DefaultDBApi in application-akka.actor.default-dispatcher-7 - Database [default] connected at jdbc:mysql://db.cheek.us/team18
2016-06-17 01:33:44,591 [INFO] from application in application-akka.actor.default-dispatcher-7 - ApplicationTimer demo: Starting application at 2016-06-17T05:33:44.590Z
2016-06-17 01:33:44,660 [INFO] from play.api.Play in application-akka.actor.default-dispatcher-7 - Application started (Dev)
2016-06-17 01:33:45,199 [WARN] from play.core.server.netty.NettyModelConversion in application-akka.actor.default-dispatcher-4 - Content-Type set both in header (image/png) and attached to entity (image/png), ignoring content type from entity. To remove this warning, use Result.as(...) to set the content type, rather than setting the header manually.
